<?xml version="1.0" encoding="UTF-8"?>
<!-- Generated by org.testng.reporters.JUnitReportReporter -->
<testsuite hostname="CHDSEZ301320D" name="com.psi.testng.EmployeeDBPageTest" tests="1" failures="0" timestamp="27 May 2014 13:32:16 GMT" time="6.042" errors="0">
  <testcase name="testEmpDtls" time="6.042" classname="com.psi.testng.EmployeeDBPageTest"/>
</testsuite> <!-- com.psi.testng.EmployeeDBPageTest -->
