<?xml version="1.0" encoding="UTF-8"?>
<!-- Generated by org.testng.reporters.JUnitReportReporter -->
<testsuite hostname="CHDSEZ301320D" name="com.psi.testng.testdemo" tests="4" failures="0" timestamp="13 May 2014 13:08:17 GMT" time="0.050" errors="0">
  <testcase name="testListNotEmpty" time="0.002" classname="com.psi.testng.testdemo"/>
  <testcase name="testListEmpty" time="0.003" classname="com.psi.testng.testdemo"/>
  <testcase name="testList1Empty" time="0.042" classname="com.psi.testng.testdemo"/>
  <testcase name="testList1NotEmpty" time="0.003" classname="com.psi.testng.testdemo"/>
</testsuite> <!-- com.psi.testng.testdemo -->
