<?xml version="1.0" encoding="UTF-8"?>
<!-- Generated by org.testng.reporters.JUnitReportReporter -->
<testsuite hostname="CHDSEZ301320D" name="com.psi.testng.TesNGTest" tests="4" failures="0" timestamp="27 May 2014 13:31:47 GMT" time="0.051" errors="0">
  <testcase name="testListNotEmpty" time="0.002" classname="com.psi.testng.TesNGTest"/>
  <testcase name="testList1NotEmpty" time="0.001" classname="com.psi.testng.TesNGTest"/>
  <testcase name="testList1Empty" time="0.047" classname="com.psi.testng.TesNGTest"/>
  <testcase name="testListEmpty" time="0.001" classname="com.psi.testng.TesNGTest"/>
</testsuite> <!-- com.psi.testng.TesNGTest -->
